# JRE version: OpenJDK Runtime Environment Temurin-17.0.17+10 (17.0.17+10) (build 17.0.17+10)
# Java VM: OpenJDK 64-Bit Server VM Temurin-17.0.17+10 (17.0.17+10, mixed mode, sharing, tiered, compressed oops, compressed class ptrs, g1 gc, windows-amd64)
GC Precious Log:
 CPUs: 16 total, 16 available
 Memory: 7514M
 Large Page Support: Disabled
 NUMA Support: Disabled
 Compressed Oops: Enabled (32-bit)
 Heap Region Size: 1M
 Heap Min Capacity: 8M
 Heap Initial Capacity: 118M
 Heap Max Capacity: 512M
 Pre-touch: Disabled
 Parallel Workers: 13
 Concurrent Workers: 3
 Concurrent Refinement Workers: 13
 Periodic GC: Disabled
Heap:
 garbage-first heap   total 171008K, used 66545K [0x00000000e0000000, 0x0000000100000000)
  region size 1024K, 19 young (19456K), 4 survivors (4096K)
 Metaspace       used 30653K, committed 31040K, reserved 1114112K
  class space    used 3552K, committed 3776K, reserved 1048576K
GC Heap History (20 events):
Event: 9.299 GC heap before
{Heap before GC invocations=4 (full 0):
 garbage-first heap   total 120832K, used 66135K [0x00000000e0000000, 0x0000000100000000)
  region size 1024K, 46 young (47104K), 4 survivors (4096K)
 Metaspace       used 21196K, committed 21504K, reserved 1114112K
  class space    used 2437K, committed 2624K, reserved 1048576K
}
Event: 9.310 GC heap after
{Heap after GC invocations=5 (full 0):
 garbage-first heap   total 120832K, used 25501K [0x00000000e0000000, 0x0000000100000000)
  region size 1024K, 8 young (8192K), 8 survivors (8192K)
 Metaspace       used 21196K, committed 21504K, reserved 1114112K
  class space    used 2437K, committed 2624K, reserved 1048576K
}
Event: 10.039 GC heap before
{Heap before GC invocations=6 (full 0):
 garbage-first heap   total 92160K, used 72605K [0x00000000e0000000, 0x0000000100000000)
  region size 1024K, 51 young (52224K), 8 survivors (8192K)
 Metaspace       used 25976K, committed 26240K, reserved 1114112K
  class space    used 2979K, committed 3136K, reserved 1048576K
}
Event: 10.067 GC heap after
{Heap after GC invocations=7 (full 0):
 garbage-first heap   total 97280K, used 40365K [0x00000000e0000000, 0x0000000100000000)
  region size 1024K, 7 young (7168K), 7 survivors (7168K)
 Metaspace       used 25976K, committed 26240K, reserved 1114112K
  class space    used 2979K, committed 3136K, reserved 1048576K
}
Event: 10.699 GC heap before
{Heap before GC invocations=7 (full 0):
 garbage-first heap   total 97280K, used 70061K [0x00000000e0000000, 0x0000000100000000)
  region size 1024K, 36 young (36864K), 7 survivors (7168K)
 Metaspace       used 27853K, committed 28096K, reserved 1114112K
  class space    used 3221K, committed 3328K, reserved 1048576K
}
Event: 10.714 GC heap after
{Heap after GC invocations=8 (full 0):
 garbage-first heap   total 97280K, used 39511K [0x00000000e0000000, 0x0000000100000000)
  region size 1024K, 5 young (5120K), 5 survivors (5120K)
 Metaspace       used 27853K, committed 28096K, reserved 1114112K
  class space    used 3221K, committed 3328K, reserved 1048576K
}
Event: 11.091 GC heap before
{Heap before GC invocations=8 (full 0):
 garbage-first heap   total 97280K, used 65111K [0x00000000e0000000, 0x0000000100000000)
  region size 1024K, 24 young (24576K), 5 survivors (5120K)
 Metaspace       used 27874K, committed 28160K, reserved 1114112K
  class space    used 3221K, committed 3328K, reserved 1048576K
}
Event: 11.105 GC heap after
{Heap after GC invocations=9 (full 0):
 garbage-first heap   total 97280K, used 50184K [0x00000000e0000000, 0x0000000100000000)
  region size 1024K, 5 young (5120K), 5 survivors (5120K)
 Metaspace       used 27874K, committed 28160K, reserved 1114112K
  class space    used 3221K, committed 3328K, reserved 1048576K
}
Event: 11.358 GC heap before
{Heap before GC invocations=10 (full 0):
 garbage-first heap   total 97280K, used 72712K [0x00000000e0000000, 0x0000000100000000)
  region size 1024K, 25 young (25600K), 5 survivors (5120K)
 Metaspace       used 27949K, committed 28224K, reserved 1114112K
  class space    used 3221K, committed 3328K, reserved 1048576K
}
Event: 11.370 GC heap after
{Heap after GC invocations=11 (full 0):
 garbage-first heap   total 97280K, used 58967K [0x00000000e0000000, 0x0000000100000000)
  region size 1024K, 4 young (4096K), 4 survivors (4096K)
 Metaspace       used 27949K, committed 28224K, reserved 1114112K
  class space    used 3221K, committed 3328K, reserved 1048576K
}
Event: 11.394 GC heap before
{Heap before GC invocations=11 (full 0):
 garbage-first heap   total 97280K, used 59991K [0x00000000e0000000, 0x0000000100000000)
  region size 1024K, 5 young (5120K), 4 survivors (4096K)
 Metaspace       used 27949K, committed 28224K, reserved 1114112K
  class space    used 3221K, committed 3328K, reserved 1048576K
}
Event: 11.401 GC heap after
{Heap after GC invocations=12 (full 0):
 garbage-first heap   total 97280K, used 55000K [0x00000000e0000000, 0x0000000100000000)
  region size 1024K, 1 young (1024K), 1 survivors (1024K)
 Metaspace       used 27949K, committed 28224K, reserved 1114112K
  class space    used 3221K, committed 3328K, reserved 1048576K
}
Event: 11.459 GC heap before
{Heap before GC invocations=12 (full 0):
 garbage-first heap   total 97280K, used 59096K [0x00000000e0000000, 0x0000000100000000)
  region size 1024K, 6 young (6144K), 1 survivors (1024K)
 Metaspace       used 27949K, committed 28224K, reserved 1114112K
  class space    used 3221K, committed 3328K, reserved 1048576K
}
Event: 11.461 GC heap after
{Heap after GC invocations=13 (full 0):
 garbage-first heap   total 97280K, used 55768K [0x00000000e0000000, 0x0000000100000000)
  region size 1024K, 2 young (2048K), 2 survivors (2048K)
 Metaspace       used 27949K, committed 28224K, reserved 1114112K
  class space    used 3221K, committed 3328K, reserved 1048576K
}
Event: 11.608 GC heap before
{Heap before GC invocations=14 (full 0):
 garbage-first heap   total 99328K, used 69080K [0x00000000e0000000, 0x0000000100000000)
  region size 1024K, 18 young (18432K), 2 survivors (2048K)
 Metaspace       used 27951K, committed 28224K, reserved 1114112K
  class space    used 3221K, committed 3328K, reserved 1048576K
}
Event: 11.614 GC heap after
{Heap after GC invocations=15 (full 0):
 garbage-first heap   total 99328K, used 58265K [0x00000000e0000000, 0x0000000100000000)
  region size 1024K, 3 young (3072K), 3 survivors (3072K)
 Metaspace       used 27951K, committed 28224K, reserved 1114112K
  class space    used 3221K, committed 3328K, reserved 1048576K
}
Event: 11.618 GC heap before
{Heap before GC invocations=15 (full 0):
 garbage-first heap   total 99328K, used 59289K [0x00000000e0000000, 0x0000000100000000)
  region size 1024K, 4 young (4096K), 3 survivors (3072K)
 Metaspace       used 27951K, committed 28224K, reserved 1114112K
  class space    used 3221K, committed 3328K, reserved 1048576K
}
Event: 11.624 GC heap after
{Heap after GC invocations=16 (full 0):
 garbage-first heap   total 171008K, used 52075K [0x00000000e0000000, 0x0000000100000000)
  region size 1024K, 1 young (1024K), 1 survivors (1024K)
 Metaspace       used 27951K, committed 28224K, reserved 1114112K
  class space    used 3221K, committed 3328K, reserved 1048576K
}
Event: 14.312 GC heap before
{Heap before GC invocations=16 (full 0):
 garbage-first heap   total 171008K, used 96107K [0x00000000e0000000, 0x0000000100000000)
  region size 1024K, 44 young (45056K), 1 survivors (1024K)
 Metaspace       used 28987K, committed 29376K, reserved 1114112K
  class space    used 3294K, committed 3456K, reserved 1048576K
}
Event: 14.317 GC heap after
{Heap after GC invocations=17 (full 0):
 garbage-first heap   total 171008K, used 52209K [0x00000000e0000000, 0x0000000100000000)
  region size 1024K, 4 young (4096K), 4 survivors (4096K)
 Metaspace       used 28987K, committed 29376K, reserved 1114112K
  class space    used 3294K, committed 3456K, reserved 1048576K
}

