# JRE version: OpenJDK Runtime Environment Temurin-17.0.17+10 (17.0.17+10) (build 17.0.17+10)
# Java VM: OpenJDK 64-Bit Server VM Temurin-17.0.17+10 (17.0.17+10, mixed mode, sharing, tiered, compressed oops, compressed class ptrs, g1 gc, windows-amd64)
GC Precious Log:
 CPUs: 16 total, 16 available
 Memory: 7514M
 Large Page Support: Disabled
 NUMA Support: Disabled
 Compressed Oops: Enabled (32-bit)
 Heap Region Size: 1M
 Heap Min Capacity: 8M
 Heap Initial Capacity: 118M
 Heap Max Capacity: 1880M
 Pre-touch: Disabled
 Parallel Workers: 13
 Concurrent Workers: 3
 Concurrent Refinement Workers: 13
 Periodic GC: Disabled
Heap:
 garbage-first heap   total 126976K, used 56809K [0x000000008a800000, 0x0000000100000000)
  region size 1024K, 3 young (3072K), 3 survivors (3072K)
 Metaspace       used 28693K, committed 28992K, reserved 1114112K
  class space    used 3278K, committed 3392K, reserved 1048576K
GC Heap History (20 events):
Event: 9.670 GC heap after
{Heap after GC invocations=4 (full 0):
 garbage-first heap   total 120832K, used 16130K [0x000000008a800000, 0x0000000100000000)
  region size 1024K, 4 young (4096K), 4 survivors (4096K)
 Metaspace       used 17032K, committed 17344K, reserved 1114112K
  class space    used 1960K, committed 2112K, reserved 1048576K
}
Event: 11.742 GC heap before
{Heap before GC invocations=4 (full 0):
 garbage-first heap   total 120832K, used 66306K [0x000000008a800000, 0x0000000100000000)
  region size 1024K, 47 young (48128K), 4 survivors (4096K)
 Metaspace       used 21167K, committed 21504K, reserved 1114112K
  class space    used 2440K, committed 2624K, reserved 1048576K
}
Event: 11.758 GC heap after
{Heap after GC invocations=5 (full 0):
 garbage-first heap   total 120832K, used 24617K [0x000000008a800000, 0x0000000100000000)
  region size 1024K, 8 young (8192K), 8 survivors (8192K)
 Metaspace       used 21167K, committed 21504K, reserved 1114112K
  class space    used 2440K, committed 2624K, reserved 1048576K
}
Event: 12.994 GC heap before
{Heap before GC invocations=6 (full 0):
 garbage-first heap   total 89088K, used 70697K [0x000000008a800000, 0x0000000100000000)
  region size 1024K, 50 young (51200K), 8 survivors (8192K)
 Metaspace       used 25954K, committed 26240K, reserved 1114112K
  class space    used 2979K, committed 3136K, reserved 1048576K
}
Event: 13.024 GC heap after
{Heap after GC invocations=7 (full 0):
 garbage-first heap   total 95232K, used 39478K [0x000000008a800000, 0x0000000100000000)
  region size 1024K, 7 young (7168K), 7 survivors (7168K)
 Metaspace       used 25954K, committed 26240K, reserved 1114112K
  class space    used 2979K, committed 3136K, reserved 1048576K
}
Event: 14.016 GC heap before
{Heap before GC invocations=7 (full 0):
 garbage-first heap   total 95232K, used 69174K [0x000000008a800000, 0x0000000100000000)
  region size 1024K, 35 young (35840K), 7 survivors (7168K)
 Metaspace       used 27807K, committed 28096K, reserved 1114112K
  class space    used 3222K, committed 3328K, reserved 1048576K
}
Event: 14.033 GC heap after
{Heap after GC invocations=8 (full 0):
 garbage-first heap   total 95232K, used 39841K [0x000000008a800000, 0x0000000100000000)
  region size 1024K, 5 young (5120K), 5 survivors (5120K)
 Metaspace       used 27807K, committed 28096K, reserved 1114112K
  class space    used 3222K, committed 3328K, reserved 1048576K
}
Event: 14.560 GC heap before
{Heap before GC invocations=8 (full 0):
 garbage-first heap   total 95232K, used 66465K [0x000000008a800000, 0x0000000100000000)
  region size 1024K, 25 young (25600K), 5 survivors (5120K)
 Metaspace       used 27839K, committed 28160K, reserved 1114112K
  class space    used 3222K, committed 3328K, reserved 1048576K
}
Event: 14.575 GC heap after
{Heap after GC invocations=9 (full 0):
 garbage-first heap   total 95232K, used 49410K [0x000000008a800000, 0x0000000100000000)
  region size 1024K, 5 young (5120K), 5 survivors (5120K)
 Metaspace       used 27839K, committed 28160K, reserved 1114112K
  class space    used 3222K, committed 3328K, reserved 1048576K
}
Event: 14.928 GC heap before
{Heap before GC invocations=10 (full 0):
 garbage-first heap   total 95232K, used 70914K [0x000000008a800000, 0x0000000100000000)
  region size 1024K, 24 young (24576K), 5 survivors (5120K)
 Metaspace       used 27911K, committed 28160K, reserved 1114112K
  class space    used 3222K, committed 3328K, reserved 1048576K
}
Event: 14.940 GC heap after
{Heap after GC invocations=11 (full 0):
 garbage-first heap   total 114688K, used 57602K [0x000000008a800000, 0x0000000100000000)
  region size 1024K, 3 young (3072K), 3 survivors (3072K)
 Metaspace       used 27911K, committed 28160K, reserved 1114112K
  class space    used 3222K, committed 3328K, reserved 1048576K
}
Event: 14.987 GC heap before
{Heap before GC invocations=11 (full 0):
 garbage-first heap   total 114688K, used 59650K [0x000000008a800000, 0x0000000100000000)
  region size 1024K, 5 young (5120K), 3 survivors (3072K)
 Metaspace       used 27917K, committed 28160K, reserved 1114112K
  class space    used 3222K, committed 3328K, reserved 1048576K
}
Event: 14.999 GC heap after
{Heap after GC invocations=12 (full 0):
 garbage-first heap   total 114688K, used 55754K [0x000000008a800000, 0x0000000100000000)
  region size 1024K, 1 young (1024K), 1 survivors (1024K)
 Metaspace       used 27917K, committed 28160K, reserved 1114112K
  class space    used 3222K, committed 3328K, reserved 1048576K
}
Event: 15.086 GC heap before
{Heap before GC invocations=12 (full 0):
 garbage-first heap   total 114688K, used 58826K [0x000000008a800000, 0x0000000100000000)
  region size 1024K, 5 young (5120K), 1 survivors (1024K)
 Metaspace       used 27917K, committed 28160K, reserved 1114112K
  class space    used 3222K, committed 3328K, reserved 1048576K
}
Event: 15.090 GC heap after
{Heap after GC invocations=13 (full 0):
 garbage-first heap   total 114688K, used 56715K [0x000000008a800000, 0x0000000100000000)
  region size 1024K, 2 young (2048K), 2 survivors (2048K)
 Metaspace       used 27917K, committed 28160K, reserved 1114112K
  class space    used 3222K, committed 3328K, reserved 1048576K
}
Event: 16.570 GC heap before
{Heap before GC invocations=14 (full 0):
 garbage-first heap   total 114688K, used 78219K [0x000000008a800000, 0x0000000100000000)
  region size 1024K, 23 young (23552K), 2 survivors (2048K)
 Metaspace       used 27935K, committed 28224K, reserved 1114112K
  class space    used 3222K, committed 3328K, reserved 1048576K
}
Event: 16.581 GC heap after
{Heap after GC invocations=15 (full 0):
 garbage-first heap   total 114688K, used 62464K [0x000000008a800000, 0x0000000100000000)
  region size 1024K, 3 young (3072K), 3 survivors (3072K)
 Metaspace       used 27935K, committed 28224K, reserved 1114112K
  class space    used 3222K, committed 3328K, reserved 1048576K
}
Event: 16.609 GC heap before
{Heap before GC invocations=15 (full 0):
 garbage-first heap   total 114688K, used 64512K [0x000000008a800000, 0x0000000100000000)
  region size 1024K, 5 young (5120K), 3 survivors (3072K)
 Metaspace       used 27937K, committed 28224K, reserved 1114112K
  class space    used 3222K, committed 3328K, reserved 1048576K
}
Event: 16.619 GC heap after
{Heap after GC invocations=16 (full 0):
 garbage-first heap   total 114688K, used 58358K [0x000000008a800000, 0x0000000100000000)
  region size 1024K, 1 young (1024K), 1 survivors (1024K)
 Metaspace       used 27937K, committed 28224K, reserved 1114112K
  class space    used 3222K, committed 3328K, reserved 1048576K
}
Event: 17.314 GC heap before
{Heap before GC invocations=16 (full 0):
 garbage-first heap   total 114688K, used 79862K [0x000000008a800000, 0x0000000100000000)
  region size 1024K, 22 young (22528K), 1 survivors (1024K)
 Metaspace       used 28693K, committed 28992K, reserved 1114112K
  class space    used 3278K, committed 3392K, reserved 1048576K
}

